# JRE version: Java(TM) SE Runtime Environment (8.0_171-b11) (build 1.8.0_171-b11)
# Java VM: Java HotSpot(TM) 64-Bit Server VM (25.171-b11 mixed mode windows-amd64 compressed oops)
Heap:
 PSYoungGen      total 240640K, used 163601K [0x00000000e0100000, 0x00000000efa80000, 0x0000000100000000)
  eden space 226816K, 72% used [0x00000000e0100000,0x00000000ea0c4410,0x00000000ede80000)
  from space 13824K, 0% used [0x00000000eed00000,0x00000000eed00000,0x00000000efa80000)
  to   space 14336K, 0% used [0x00000000ede80000,0x00000000ede80000,0x00000000eec80000)
 ParOldGen       total 88576K, used 23243K [0x00000000a0200000, 0x00000000a5880000, 0x00000000e0100000)
  object space 88576K, 26% used [0x00000000a0200000,0x00000000a18b2c78,0x00000000a5880000)
 Metaspace       used 39036K, capacity 40242K, committed 40360K, reserved 1083392K
  class space    used 5151K, capacity 5434K, committed 5552K, reserved 1048576K
GC Heap History (10 events):
Event: 1525.244 GC heap before
{Heap before GC invocations=23 (full 7):
 PSYoungGen      total 241152K, used 4045K [0x00000000e0100000, 0x00000000efb80000, 0x0000000100000000)
  eden space 226816K, 0% used [0x00000000e0100000,0x00000000e0100000,0x00000000ede80000)
  from space 14336K, 28% used [0x00000000eed80000,0x00000000ef173788,0x00000000efb80000)
  to   space 14848K, 0% used [0x00000000ede80000,0x00000000ede80000,0x00000000eed00000)
 ParOldGen       total 88576K, used 23813K [0x00000000a0200000, 0x00000000a5880000, 0x00000000e0100000)
  object space 88576K, 26% used [0x00000000a0200000,0x00000000a1941428,0x00000000a5880000)
 Metaspace       used 38464K, capacity 39374K, committed 39720K, reserved 1083392K
  class space    used 5075K, capacity 5298K, committed 5424K, reserved 1048576K
Event: 1525.918 GC heap after
Heap after GC invocations=23 (full 7):
 PSYoungGen      total 241152K, used 0K [0x00000000e0100000, 0x00000000efb80000, 0x0000000100000000)
  eden space 226816K, 0% used [0x00000000e0100000,0x00000000e0100000,0x00000000ede80000)
  from space 14336K, 0% used [0x00000000eed80000,0x00000000eed80000,0x00000000efb80000)
  to   space 14848K, 0% used [0x00000000ede80000,0x00000000ede80000,0x00000000eed00000)
 ParOldGen       total 88576K, used 23064K [0x00000000a0200000, 0x00000000a5880000, 0x00000000e0100000)
  object space 88576K, 26% used [0x00000000a0200000,0x00000000a18863d0,0x00000000a5880000)
 Metaspace       used 38312K, capacity 39130K, committed 39720K, reserved 1083392K
  class space    used 5049K, capacity 5251K, committed 5424K, reserved 1048576K
}
Event: 1541.075 GC heap before
{Heap before GC invocations=24 (full 7):
 PSYoungGen      total 241152K, used 167223K [0x00000000e0100000, 0x00000000efb80000, 0x0000000100000000)
  eden space 226816K, 73% used [0x00000000e0100000,0x00000000ea44dc88,0x00000000ede80000)
  from space 14336K, 0% used [0x00000000eed80000,0x00000000eed80000,0x00000000efb80000)
  to   space 14848K, 0% used [0x00000000ede80000,0x00000000ede80000,0x00000000eed00000)
 ParOldGen       total 88576K, used 23064K [0x00000000a0200000, 0x00000000a5880000, 0x00000000e0100000)
  object space 88576K, 26% used [0x00000000a0200000,0x00000000a18863d0,0x00000000a5880000)
 Metaspace       used 38504K, capacity 39510K, committed 39720K, reserved 1083392K
  class space    used 5078K, capacity 5298K, committed 5424K, reserved 1048576K
Event: 1541.098 GC heap after
Heap after GC invocations=24 (full 7):
 PSYoungGen      total 241664K, used 4060K [0x00000000e0100000, 0x00000000efb80000, 0x0000000100000000)
  eden space 226816K, 0% used [0x00000000e0100000,0x00000000e0100000,0x00000000ede80000)
  from space 14848K, 27% used [0x00000000ede80000,0x00000000ee277118,0x00000000eed00000)
  to   space 14848K, 0% used [0x00000000eed00000,0x00000000eed00000,0x00000000efb80000)
 ParOldGen       total 88576K, used 23072K [0x00000000a0200000, 0x00000000a5880000, 0x00000000e0100000)
  object space 88576K, 26% used [0x00000000a0200000,0x00000000a18883d0,0x00000000a5880000)
 Metaspace       used 38504K, capacity 39510K, committed 39720K, reserved 1083392K
  class space    used 5078K, capacity 5298K, committed 5424K, reserved 1048576K
}
Event: 1541.099 GC heap before
{Heap before GC invocations=25 (full 8):
 PSYoungGen      total 241664K, used 4060K [0x00000000e0100000, 0x00000000efb80000, 0x0000000100000000)
  eden space 226816K, 0% used [0x00000000e0100000,0x00000000e0100000,0x00000000ede80000)
  from space 14848K, 27% used [0x00000000ede80000,0x00000000ee277118,0x00000000eed00000)
  to   space 14848K, 0% used [0x00000000eed00000,0x00000000eed00000,0x00000000efb80000)
 ParOldGen       total 88576K, used 23072K [0x00000000a0200000, 0x00000000a5880000, 0x00000000e0100000)
  object space 88576K, 26% used [0x00000000a0200000,0x00000000a18883d0,0x00000000a5880000)
 Metaspace       used 38504K, capacity 39510K, committed 39720K, reserved 1083392K
  class space    used 5078K, capacity 5298K, committed 5424K, reserved 1048576K
Event: 1541.766 GC heap after
Heap after GC invocations=25 (full 8):
 PSYoungGen      total 241664K, used 0K [0x00000000e0100000, 0x00000000efb80000, 0x0000000100000000)
  eden space 226816K, 0% used [0x00000000e0100000,0x00000000e0100000,0x00000000ede80000)
  from space 14848K, 0% used [0x00000000ede80000,0x00000000ede80000,0x00000000eed00000)
  to   space 14848K, 0% used [0x00000000eed00000,0x00000000eed00000,0x00000000efb80000)
 ParOldGen       total 88576K, used 22938K [0x00000000a0200000, 0x00000000a5880000, 0x00000000e0100000)
  object space 88576K, 25% used [0x00000000a0200000,0x00000000a1866b28,0x00000000a5880000)
 Metaspace       used 38489K, capacity 39486K, committed 39720K, reserved 1083392K
  class space    used 5076K, capacity 5294K, committed 5424K, reserved 1048576K
}
Event: 1637.221 GC heap before
{Heap before GC invocations=26 (full 8):
 PSYoungGen      total 241664K, used 180040K [0x00000000e0100000, 0x00000000efb80000, 0x0000000100000000)
  eden space 226816K, 79% used [0x00000000e0100000,0x00000000eb0d2240,0x00000000ede80000)
  from space 14848K, 0% used [0x00000000ede80000,0x00000000ede80000,0x00000000eed00000)
  to   space 14848K, 0% used [0x00000000eed00000,0x00000000eed00000,0x00000000efb80000)
 ParOldGen       total 88576K, used 22938K [0x00000000a0200000, 0x00000000a5880000, 0x00000000e0100000)
  object space 88576K, 25% used [0x00000000a0200000,0x00000000a1866b28,0x00000000a5880000)
 Metaspace       used 38859K, capacity 39926K, committed 40232K, reserved 1083392K
  class space    used 5129K, capacity 5374K, committed 5424K, reserved 1048576K
Event: 1637.238 GC heap after
Heap after GC invocations=26 (full 8):
 PSYoungGen      total 240640K, used 4317K [0x00000000e0100000, 0x00000000efa80000, 0x0000000100000000)
  eden space 226816K, 0% used [0x00000000e0100000,0x00000000e0100000,0x00000000ede80000)
  from space 13824K, 31% used [0x00000000eed00000,0x00000000ef137798,0x00000000efa80000)
  to   space 14336K, 0% used [0x00000000ede80000,0x00000000ede80000,0x00000000eec80000)
 ParOldGen       total 88576K, used 22946K [0x00000000a0200000, 0x00000000a5880000, 0x00000000e0100000)
  object space 88576K, 25% used [0x00000000a0200000,0x00000000a1868b28,0x00000000a5880000)
 Metaspace       used 38859K, capacity 39926K, committed 40232K, reserved 1083392K
  class space    used 5129K, capacity 5374K, committed 5424K, reserved 1048576K
}
Event: 1637.238 GC heap before
{Heap before GC invocations=27 (full 9):
 PSYoungGen      total 240640K, used 4317K [0x00000000e0100000, 0x00000000efa80000, 0x0000000100000000)
  eden space 226816K, 0% used [0x00000000e0100000,0x00000000e0100000,0x00000000ede80000)
  from space 13824K, 31% used [0x00000000eed00000,0x00000000ef137798,0x00000000efa80000)
  to   space 14336K, 0% used [0x00000000ede80000,0x00000000ede80000,0x00000000eec80000)
 ParOldGen       total 88576K, used 22946K [0x00000000a0200000, 0x00000000a5880000, 0x00000000e0100000)
  object space 88576K, 25% used [0x00000000a0200000,0x00000000a1868b28,0x00000000a5880000)
 Metaspace       used 38859K, capacity 39926K, committed 40232K, reserved 1083392K
  class space    used 5129K, capacity 5374K, committed 5424K, reserved 1048576K
Event: 1637.634 GC heap after
Heap after GC invocations=27 (full 9):
 PSYoungGen      total 240640K, used 0K [0x00000000e0100000, 0x00000000efa80000, 0x0000000100000000)
  eden space 226816K, 0% used [0x00000000e0100000,0x00000000e0100000,0x00000000ede80000)
  from space 13824K, 0% used [0x00000000eed00000,0x00000000eed00000,0x00000000efa80000)
  to   space 14336K, 0% used [0x00000000ede80000,0x00000000ede80000,0x00000000eec80000)
 ParOldGen       total 88576K, used 23243K [0x00000000a0200000, 0x00000000a5880000, 0x00000000e0100000)
  object space 88576K, 26% used [0x00000000a0200000,0x00000000a18b2c78,0x00000000a5880000)
 Metaspace       used 38851K, capacity 39908K, committed 40232K, reserved 1083392K
  class space    used 5127K, capacity 5369K, committed 5424K, reserved 1048576K
}

