# JRE version: Java(TM) SE Runtime Environment (8.0_171-b11) (build 1.8.0_171-b11)
# Java VM: Java HotSpot(TM) 64-Bit Server VM (25.171-b11 mixed mode windows-amd64 compressed oops)
Heap:
 PSYoungGen      total 251904K, used 161575K [0x00000000e0100000, 0x00000000f0700000, 0x0000000100000000)
  eden space 236544K, 68% used [0x00000000e0100000,0x00000000e9ec9f08,0x00000000ee800000)
  from space 15360K, 0% used [0x00000000ef800000,0x00000000ef800000,0x00000000f0700000)
  to   space 15872K, 0% used [0x00000000ee800000,0x00000000ee800000,0x00000000ef780000)
 ParOldGen       total 88576K, used 23822K [0x00000000a0200000, 0x00000000a5880000, 0x00000000e0100000)
  object space 88576K, 26% used [0x00000000a0200000,0x00000000a1943a68,0x00000000a5880000)
 Metaspace       used 38494K, capacity 39370K, committed 39720K, reserved 1083392K
  class space    used 5079K, capacity 5299K, committed 5424K, reserved 1048576K
GC Heap History (10 events):
Event: 843.245 GC heap before
{Heap before GC invocations=16 (full 4):
 PSYoungGen      total 253440K, used 4092K [0x00000000e0100000, 0x00000000f0900000, 0x0000000100000000)
  eden space 236544K, 0% used [0x00000000e0100000,0x00000000e0100000,0x00000000ee800000)
  from space 16896K, 24% used [0x00000000ef880000,0x00000000efc7f118,0x00000000f0900000)
  to   space 16896K, 0% used [0x00000000ee800000,0x00000000ee800000,0x00000000ef880000)
 ParOldGen       total 88576K, used 24221K [0x00000000a0200000, 0x00000000a5880000, 0x00000000e0100000)
  object space 88576K, 27% used [0x00000000a0200000,0x00000000a19a7700,0x00000000a5880000)
 Metaspace       used 38109K, capacity 38762K, committed 39080K, reserved 1083392K
  class space    used 5042K, capacity 5223K, committed 5296K, reserved 1048576K
Event: 843.719 GC heap after
Heap after GC invocations=16 (full 4):
 PSYoungGen      total 253440K, used 0K [0x00000000e0100000, 0x00000000f0900000, 0x0000000100000000)
  eden space 236544K, 0% used [0x00000000e0100000,0x00000000e0100000,0x00000000ee800000)
  from space 16896K, 0% used [0x00000000ef880000,0x00000000ef880000,0x00000000f0900000)
  to   space 16896K, 0% used [0x00000000ee800000,0x00000000ee800000,0x00000000ef880000)
 ParOldGen       total 88576K, used 23646K [0x00000000a0200000, 0x00000000a5880000, 0x00000000e0100000)
  object space 88576K, 26% used [0x00000000a0200000,0x00000000a1917a70,0x00000000a5880000)
 Metaspace       used 38109K, capacity 38762K, committed 39080K, reserved 1083392K
  class space    used 5042K, capacity 5223K, committed 5296K, reserved 1048576K
}
Event: 865.831 GC heap before
{Heap before GC invocations=17 (full 4):
 PSYoungGen      total 253440K, used 170593K [0x00000000e0100000, 0x00000000f0900000, 0x0000000100000000)
  eden space 236544K, 72% used [0x00000000e0100000,0x00000000ea798758,0x00000000ee800000)
  from space 16896K, 0% used [0x00000000ef880000,0x00000000ef880000,0x00000000f0900000)
  to   space 16896K, 0% used [0x00000000ee800000,0x00000000ee800000,0x00000000ef880000)
 ParOldGen       total 88576K, used 23646K [0x00000000a0200000, 0x00000000a5880000, 0x00000000e0100000)
  object space 88576K, 26% used [0x00000000a0200000,0x00000000a1917a70,0x00000000a5880000)
 Metaspace       used 38263K, capacity 38992K, committed 39080K, reserved 1083392K
  class space    used 5058K, capacity 5245K, committed 5296K, reserved 1048576K
Event: 865.865 GC heap after
Heap after GC invocations=17 (full 4):
 PSYoungGen      total 241152K, used 4108K [0x00000000e0100000, 0x00000000f0800000, 0x0000000100000000)
  eden space 236544K, 0% used [0x00000000e0100000,0x00000000e0100000,0x00000000ee800000)
  from space 4608K, 89% used [0x00000000ee800000,0x00000000eec03108,0x00000000eec80000)
  to   space 16384K, 0% used [0x00000000ef800000,0x00000000ef800000,0x00000000f0800000)
 ParOldGen       total 88576K, used 23654K [0x00000000a0200000, 0x00000000a5880000, 0x00000000e0100000)
  object space 88576K, 26% used [0x00000000a0200000,0x00000000a1919a70,0x00000000a5880000)
 Metaspace       used 38263K, capacity 38992K, committed 39080K, reserved 1083392K
  class space    used 5058K, capacity 5245K, committed 5296K, reserved 1048576K
}
Event: 865.865 GC heap before
{Heap before GC invocations=18 (full 5):
 PSYoungGen      total 241152K, used 4108K [0x00000000e0100000, 0x00000000f0800000, 0x0000000100000000)
  eden space 236544K, 0% used [0x00000000e0100000,0x00000000e0100000,0x00000000ee800000)
  from space 4608K, 89% used [0x00000000ee800000,0x00000000eec03108,0x00000000eec80000)
  to   space 16384K, 0% used [0x00000000ef800000,0x00000000ef800000,0x00000000f0800000)
 ParOldGen       total 88576K, used 23654K [0x00000000a0200000, 0x00000000a5880000, 0x00000000e0100000)
  object space 88576K, 26% used [0x00000000a0200000,0x00000000a1919a70,0x00000000a5880000)
 Metaspace       used 38263K, capacity 38992K, committed 39080K, reserved 1083392K
  class space    used 5058K, capacity 5245K, committed 5296K, reserved 1048576K
Event: 866.327 GC heap after
Heap after GC invocations=18 (full 5):
 PSYoungGen      total 241152K, used 0K [0x00000000e0100000, 0x00000000f0800000, 0x0000000100000000)
  eden space 236544K, 0% used [0x00000000e0100000,0x00000000e0100000,0x00000000ee800000)
  from space 4608K, 0% used [0x00000000ee800000,0x00000000ee800000,0x00000000eec80000)
  to   space 16384K, 0% used [0x00000000ef800000,0x00000000ef800000,0x00000000f0800000)
 ParOldGen       total 88576K, used 23740K [0x00000000a0200000, 0x00000000a5880000, 0x00000000e0100000)
  object space 88576K, 26% used [0x00000000a0200000,0x00000000a192f0e0,0x00000000a5880000)
 Metaspace       used 38261K, capacity 38986K, committed 39080K, reserved 1083392K
  class space    used 5057K, capacity 5243K, committed 5296K, reserved 1048576K
}
Event: 944.913 GC heap before
{Heap before GC invocations=19 (full 5):
 PSYoungGen      total 241152K, used 170481K [0x00000000e0100000, 0x00000000f0800000, 0x0000000100000000)
  eden space 236544K, 72% used [0x00000000e0100000,0x00000000ea77c470,0x00000000ee800000)
  from space 4608K, 0% used [0x00000000ee800000,0x00000000ee800000,0x00000000eec80000)
  to   space 16384K, 0% used [0x00000000ef800000,0x00000000ef800000,0x00000000f0800000)
 ParOldGen       total 88576K, used 23740K [0x00000000a0200000, 0x00000000a5880000, 0x00000000e0100000)
  object space 88576K, 26% used [0x00000000a0200000,0x00000000a192f0e0,0x00000000a5880000)
 Metaspace       used 38386K, capacity 39186K, committed 39336K, reserved 1083392K
  class space    used 5069K, capacity 5260K, committed 5296K, reserved 1048576K
Event: 944.928 GC heap after
Heap after GC invocations=19 (full 5):
 PSYoungGen      total 251904K, used 4067K [0x00000000e0100000, 0x00000000f0700000, 0x0000000100000000)
  eden space 236544K, 0% used [0x00000000e0100000,0x00000000e0100000,0x00000000ee800000)
  from space 15360K, 26% used [0x00000000ef800000,0x00000000efbf8d38,0x00000000f0700000)
  to   space 15872K, 0% used [0x00000000ee800000,0x00000000ee800000,0x00000000ef780000)
 ParOldGen       total 88576K, used 23748K [0x00000000a0200000, 0x00000000a5880000, 0x00000000e0100000)
  object space 88576K, 26% used [0x00000000a0200000,0x00000000a19310e0,0x00000000a5880000)
 Metaspace       used 38386K, capacity 39186K, committed 39336K, reserved 1083392K
  class space    used 5069K, capacity 5260K, committed 5296K, reserved 1048576K
}
Event: 944.928 GC heap before
{Heap before GC invocations=20 (full 6):
 PSYoungGen      total 251904K, used 4067K [0x00000000e0100000, 0x00000000f0700000, 0x0000000100000000)
  eden space 236544K, 0% used [0x00000000e0100000,0x00000000e0100000,0x00000000ee800000)
  from space 15360K, 26% used [0x00000000ef800000,0x00000000efbf8d38,0x00000000f0700000)
  to   space 15872K, 0% used [0x00000000ee800000,0x00000000ee800000,0x00000000ef780000)
 ParOldGen       total 88576K, used 23748K [0x00000000a0200000, 0x00000000a5880000, 0x00000000e0100000)
  object space 88576K, 26% used [0x00000000a0200000,0x00000000a19310e0,0x00000000a5880000)
 Metaspace       used 38386K, capacity 39186K, committed 39336K, reserved 1083392K
  class space    used 5069K, capacity 5260K, committed 5296K, reserved 1048576K
Event: 945.244 GC heap after
Heap after GC invocations=20 (full 6):
 PSYoungGen      total 251904K, used 0K [0x00000000e0100000, 0x00000000f0700000, 0x0000000100000000)
  eden space 236544K, 0% used [0x00000000e0100000,0x00000000e0100000,0x00000000ee800000)
  from space 15360K, 0% used [0x00000000ef800000,0x00000000ef800000,0x00000000f0700000)
  to   space 15872K, 0% used [0x00000000ee800000,0x00000000ee800000,0x00000000ef780000)
 ParOldGen       total 88576K, used 23822K [0x00000000a0200000, 0x00000000a5880000, 0x00000000e0100000)
  object space 88576K, 26% used [0x00000000a0200000,0x00000000a1943a68,0x00000000a5880000)
 Metaspace       used 38384K, capacity 39180K, committed 39336K, reserved 1083392K
  class space    used 5069K, capacity 5258K, committed 5296K, reserved 1048576K
}

