# JRE version: Java(TM) SE Runtime Environment (8.0_171-b11) (build 1.8.0_171-b11)
# Java VM: Java HotSpot(TM) 64-Bit Server VM (25.171-b11 mixed mode windows-amd64 compressed oops)
Heap:
 PSYoungGen      total 254976K, used 163171K [0x00000000e0100000, 0x00000000f0980000, 0x0000000100000000)
  eden space 240128K, 67% used [0x00000000e0100000,0x00000000ea058f58,0x00000000eeb80000)
  from space 14848K, 0% used [0x00000000efb00000,0x00000000efb00000,0x00000000f0980000)
  to   space 15360K, 0% used [0x00000000eeb80000,0x00000000eeb80000,0x00000000efa80000)
 ParOldGen       total 90112K, used 23652K [0x00000000a0200000, 0x00000000a5a00000, 0x00000000e0100000)
  object space 90112K, 26% used [0x00000000a0200000,0x00000000a19190d8,0x00000000a5a00000)
 Metaspace       used 38252K, capacity 38960K, committed 39080K, reserved 1083392K
  class space    used 5062K, capacity 5276K, committed 5296K, reserved 1048576K
GC Heap History (10 events):
Event: 12.074 GC heap before
{Heap before GC invocations=12 (full 2):
 PSYoungGen      total 212992K, used 10785K [0x00000000e0100000, 0x00000000f1880000, 0x0000000100000000)
  eden space 197632K, 0% used [0x00000000e0100000,0x00000000e0100000,0x00000000ec200000)
  from space 15360K, 70% used [0x00000000ed180000,0x00000000edc08580,0x00000000ee080000)
  to   space 15872K, 0% used [0x00000000ec200000,0x00000000ec200000,0x00000000ed180000)
 ParOldGen       total 48128K, used 23265K [0x00000000a0200000, 0x00000000a3100000, 0x00000000e0100000)
  object space 48128K, 48% used [0x00000000a0200000,0x00000000a18b87a8,0x00000000a3100000)
 Metaspace       used 34908K, capacity 35340K, committed 35496K, reserved 1079296K
  class space    used 4639K, capacity 4767K, committed 4784K, reserved 1048576K
Event: 12.382 GC heap after
Heap after GC invocations=12 (full 2):
 PSYoungGen      total 212992K, used 0K [0x00000000e0100000, 0x00000000f1880000, 0x0000000100000000)
  eden space 197632K, 0% used [0x00000000e0100000,0x00000000e0100000,0x00000000ec200000)
  from space 15360K, 0% used [0x00000000ed180000,0x00000000ed180000,0x00000000ee080000)
  to   space 15872K, 0% used [0x00000000ec200000,0x00000000ec200000,0x00000000ed180000)
 ParOldGen       total 90112K, used 25264K [0x00000000a0200000, 0x00000000a5a00000, 0x00000000e0100000)
  object space 90112K, 28% used [0x00000000a0200000,0x00000000a1aac1f0,0x00000000a5a00000)
 Metaspace       used 34908K, capacity 35340K, committed 35496K, reserved 1079296K
  class space    used 4639K, capacity 4767K, committed 4784K, reserved 1048576K
}
Event: 533.643 GC heap before
{Heap before GC invocations=13 (full 2):
 PSYoungGen      total 212992K, used 114833K [0x00000000e0100000, 0x00000000f1880000, 0x0000000100000000)
  eden space 197632K, 58% used [0x00000000e0100000,0x00000000e71245e0,0x00000000ec200000)
  from space 15360K, 0% used [0x00000000ed180000,0x00000000ed180000,0x00000000ee080000)
  to   space 15872K, 0% used [0x00000000ec200000,0x00000000ec200000,0x00000000ed180000)
 ParOldGen       total 90112K, used 25264K [0x00000000a0200000, 0x00000000a5a00000, 0x00000000e0100000)
  object space 90112K, 28% used [0x00000000a0200000,0x00000000a1aac1f0,0x00000000a5a00000)
 Metaspace       used 37888K, capacity 38396K, committed 38824K, reserved 1083392K
  class space    used 5022K, capacity 5189K, committed 5296K, reserved 1048576K
Event: 533.657 GC heap after
Heap after GC invocations=13 (full 2):
 PSYoungGen      total 213504K, used 3511K [0x00000000e0100000, 0x00000000f0a80000, 0x0000000100000000)
  eden space 197632K, 0% used [0x00000000e0100000,0x00000000e0100000,0x00000000ec200000)
  from space 15872K, 22% used [0x00000000ec200000,0x00000000ec56ded8,0x00000000ed180000)
  to   space 15872K, 0% used [0x00000000efb00000,0x00000000efb00000,0x00000000f0a80000)
 ParOldGen       total 90112K, used 25272K [0x00000000a0200000, 0x00000000a5a00000, 0x00000000e0100000)
  object space 90112K, 28% used [0x00000000a0200000,0x00000000a1aae1f0,0x00000000a5a00000)
 Metaspace       used 37888K, capacity 38396K, committed 38824K, reserved 1083392K
  class space    used 5022K, capacity 5189K, committed 5296K, reserved 1048576K
}
Event: 533.657 GC heap before
{Heap before GC invocations=14 (full 3):
 PSYoungGen      total 213504K, used 3511K [0x00000000e0100000, 0x00000000f0a80000, 0x0000000100000000)
  eden space 197632K, 0% used [0x00000000e0100000,0x00000000e0100000,0x00000000ec200000)
  from space 15872K, 22% used [0x00000000ec200000,0x00000000ec56ded8,0x00000000ed180000)
  to   space 15872K, 0% used [0x00000000efb00000,0x00000000efb00000,0x00000000f0a80000)
 ParOldGen       total 90112K, used 25272K [0x00000000a0200000, 0x00000000a5a00000, 0x00000000e0100000)
  object space 90112K, 28% used [0x00000000a0200000,0x00000000a1aae1f0,0x00000000a5a00000)
 Metaspace       used 37888K, capacity 38396K, committed 38824K, reserved 1083392K
  class space    used 5022K, capacity 5189K, committed 5296K, reserved 1048576K
Event: 534.596 GC heap after
Heap after GC invocations=14 (full 3):
 PSYoungGen      total 213504K, used 0K [0x00000000e0100000, 0x00000000f0a80000, 0x0000000100000000)
  eden space 197632K, 0% used [0x00000000e0100000,0x00000000e0100000,0x00000000ec200000)
  from space 15872K, 0% used [0x00000000ec200000,0x00000000ec200000,0x00000000ed180000)
  to   space 15872K, 0% used [0x00000000efb00000,0x00000000efb00000,0x00000000f0a80000)
 ParOldGen       total 90112K, used 24198K [0x00000000a0200000, 0x00000000a5a00000, 0x00000000e0100000)
  object space 90112K, 26% used [0x00000000a0200000,0x00000000a19a1a88,0x00000000a5a00000)
 Metaspace       used 37888K, capacity 38396K, committed 38824K, reserved 1083392K
  class space    used 5022K, capacity 5189K, committed 5296K, reserved 1048576K
}
Event: 559.792 GC heap before
{Heap before GC invocations=15 (full 3):
 PSYoungGen      total 213504K, used 169387K [0x00000000e0100000, 0x00000000f0a80000, 0x0000000100000000)
  eden space 197632K, 85% used [0x00000000e0100000,0x00000000ea66ad08,0x00000000ec200000)
  from space 15872K, 0% used [0x00000000ec200000,0x00000000ec200000,0x00000000ed180000)
  to   space 15872K, 0% used [0x00000000efb00000,0x00000000efb00000,0x00000000f0a80000)
 ParOldGen       total 90112K, used 24198K [0x00000000a0200000, 0x00000000a5a00000, 0x00000000e0100000)
  object space 90112K, 26% used [0x00000000a0200000,0x00000000a19a1a88,0x00000000a5a00000)
 Metaspace       used 38104K, capacity 38704K, committed 38824K, reserved 1083392K
  class space    used 5045K, capacity 5224K, committed 5296K, reserved 1048576K
Event: 559.809 GC heap after
Heap after GC invocations=15 (full 3):
 PSYoungGen      total 254976K, used 4108K [0x00000000e0100000, 0x00000000f0980000, 0x0000000100000000)
  eden space 240128K, 0% used [0x00000000e0100000,0x00000000e0100000,0x00000000eeb80000)
  from space 14848K, 27% used [0x00000000efb00000,0x00000000eff03108,0x00000000f0980000)
  to   space 15360K, 0% used [0x00000000eeb80000,0x00000000eeb80000,0x00000000efa80000)
 ParOldGen       total 90112K, used 24206K [0x00000000a0200000, 0x00000000a5a00000, 0x00000000e0100000)
  object space 90112K, 26% used [0x00000000a0200000,0x00000000a19a3a88,0x00000000a5a00000)
 Metaspace       used 38104K, capacity 38704K, committed 38824K, reserved 1083392K
  class space    used 5045K, capacity 5224K, committed 5296K, reserved 1048576K
}
Event: 559.809 GC heap before
{Heap before GC invocations=16 (full 4):
 PSYoungGen      total 254976K, used 4108K [0x00000000e0100000, 0x00000000f0980000, 0x0000000100000000)
  eden space 240128K, 0% used [0x00000000e0100000,0x00000000e0100000,0x00000000eeb80000)
  from space 14848K, 27% used [0x00000000efb00000,0x00000000eff03108,0x00000000f0980000)
  to   space 15360K, 0% used [0x00000000eeb80000,0x00000000eeb80000,0x00000000efa80000)
 ParOldGen       total 90112K, used 24206K [0x00000000a0200000, 0x00000000a5a00000, 0x00000000e0100000)
  object space 90112K, 26% used [0x00000000a0200000,0x00000000a19a3a88,0x00000000a5a00000)
 Metaspace       used 38104K, capacity 38704K, committed 38824K, reserved 1083392K
  class space    used 5045K, capacity 5224K, committed 5296K, reserved 1048576K
Event: 560.377 GC heap after
Heap after GC invocations=16 (full 4):
 PSYoungGen      total 254976K, used 0K [0x00000000e0100000, 0x00000000f0980000, 0x0000000100000000)
  eden space 240128K, 0% used [0x00000000e0100000,0x00000000e0100000,0x00000000eeb80000)
  from space 14848K, 0% used [0x00000000efb00000,0x00000000efb00000,0x00000000f0980000)
  to   space 15360K, 0% used [0x00000000eeb80000,0x00000000eeb80000,0x00000000efa80000)
 ParOldGen       total 90112K, used 23652K [0x00000000a0200000, 0x00000000a5a00000, 0x00000000e0100000)
  object space 90112K, 26% used [0x00000000a0200000,0x00000000a19190d8,0x00000000a5a00000)
 Metaspace       used 38104K, capacity 38704K, committed 38824K, reserved 1083392K
  class space    used 5045K, capacity 5224K, committed 5296K, reserved 1048576K
}

