# JRE version: Java(TM) SE Runtime Environment (8.0_171-b11) (build 1.8.0_171-b11)
# Java VM: Java HotSpot(TM) 64-Bit Server VM (25.171-b11 mixed mode windows-amd64 compressed oops)
Heap:
 PSYoungGen      total 241664K, used 160832K [0x00000000e0100000, 0x00000000efd00000, 0x0000000100000000)
  eden space 225280K, 71% used [0x00000000e0100000,0x00000000e9e100a0,0x00000000edd00000)
  from space 16384K, 0% used [0x00000000edd00000,0x00000000edd00000,0x00000000eed00000)
  to   space 16384K, 0% used [0x00000000eed00000,0x00000000eed00000,0x00000000efd00000)
 ParOldGen       total 90112K, used 22274K [0x00000000a0200000, 0x00000000a5a00000, 0x00000000e0100000)
  object space 90112K, 24% used [0x00000000a0200000,0x00000000a17c0ab8,0x00000000a5a00000)
 Metaspace       used 38386K, capacity 39178K, committed 39464K, reserved 1083392K
  class space    used 5076K, capacity 5306K, committed 5424K, reserved 1048576K
GC Heap History (10 events):
Event: 254.993 GC heap before
{Heap before GC invocations=13 (full 2):
 PSYoungGen      total 196608K, used 94416K [0x00000000e0100000, 0x00000000f0700000, 0x0000000100000000)
  eden space 185856K, 50% used [0x00000000e0100000,0x00000000e5d34210,0x00000000eb680000)
  from space 10752K, 0% used [0x00000000ec700000,0x00000000ec700000,0x00000000ed180000)
  to   space 16896K, 0% used [0x00000000eb680000,0x00000000eb680000,0x00000000ec700000)
 ParOldGen       total 90112K, used 24700K [0x00000000a0200000, 0x00000000a5a00000, 0x00000000e0100000)
  object space 90112K, 27% used [0x00000000a0200000,0x00000000a1a1f1f0,0x00000000a5a00000)
 Metaspace       used 37939K, capacity 38460K, committed 38824K, reserved 1083392K
  class space    used 5017K, capacity 5189K, committed 5296K, reserved 1048576K
Event: 255.021 GC heap after
Heap after GC invocations=13 (full 2):
 PSYoungGen      total 202752K, used 4322K [0x00000000e0100000, 0x00000000f0580000, 0x0000000100000000)
  eden space 185856K, 0% used [0x00000000e0100000,0x00000000e0100000,0x00000000eb680000)
  from space 16896K, 25% used [0x00000000eb680000,0x00000000ebab8bb0,0x00000000ec700000)
  to   space 16896K, 0% used [0x00000000ef500000,0x00000000ef500000,0x00000000f0580000)
 ParOldGen       total 90112K, used 24708K [0x00000000a0200000, 0x00000000a5a00000, 0x00000000e0100000)
  object space 90112K, 27% used [0x00000000a0200000,0x00000000a1a211f0,0x00000000a5a00000)
 Metaspace       used 37939K, capacity 38460K, committed 38824K, reserved 1083392K
  class space    used 5017K, capacity 5189K, committed 5296K, reserved 1048576K
}
Event: 255.021 GC heap before
{Heap before GC invocations=14 (full 3):
 PSYoungGen      total 202752K, used 4322K [0x00000000e0100000, 0x00000000f0580000, 0x0000000100000000)
  eden space 185856K, 0% used [0x00000000e0100000,0x00000000e0100000,0x00000000eb680000)
  from space 16896K, 25% used [0x00000000eb680000,0x00000000ebab8bb0,0x00000000ec700000)
  to   space 16896K, 0% used [0x00000000ef500000,0x00000000ef500000,0x00000000f0580000)
 ParOldGen       total 90112K, used 24708K [0x00000000a0200000, 0x00000000a5a00000, 0x00000000e0100000)
  object space 90112K, 27% used [0x00000000a0200000,0x00000000a1a211f0,0x00000000a5a00000)
 Metaspace       used 37939K, capacity 38460K, committed 38824K, reserved 1083392K
  class space    used 5017K, capacity 5189K, committed 5296K, reserved 1048576K
Event: 255.758 GC heap after
Heap after GC invocations=14 (full 3):
 PSYoungGen      total 202752K, used 0K [0x00000000e0100000, 0x00000000f0580000, 0x0000000100000000)
  eden space 185856K, 0% used [0x00000000e0100000,0x00000000e0100000,0x00000000eb680000)
  from space 16896K, 0% used [0x00000000eb680000,0x00000000eb680000,0x00000000ec700000)
  to   space 16896K, 0% used [0x00000000ef500000,0x00000000ef500000,0x00000000f0580000)
 ParOldGen       total 90112K, used 24239K [0x00000000a0200000, 0x00000000a5a00000, 0x00000000e0100000)
  object space 90112K, 26% used [0x00000000a0200000,0x00000000a19abf48,0x00000000a5a00000)
 Metaspace       used 37939K, capacity 38460K, committed 38824K, reserved 1083392K
  class space    used 5017K, capacity 5189K, committed 5296K, reserved 1048576K
}
Event: 682.285 GC heap before
{Heap before GC invocations=15 (full 3):
 PSYoungGen      total 202752K, used 185856K [0x00000000e0100000, 0x00000000f0580000, 0x0000000100000000)
  eden space 185856K, 100% used [0x00000000e0100000,0x00000000eb680000,0x00000000eb680000)
  from space 16896K, 0% used [0x00000000eb680000,0x00000000eb680000,0x00000000ec700000)
  to   space 16896K, 0% used [0x00000000ef500000,0x00000000ef500000,0x00000000f0580000)
 ParOldGen       total 90112K, used 24239K [0x00000000a0200000, 0x00000000a5a00000, 0x00000000e0100000)
  object space 90112K, 26% used [0x00000000a0200000,0x00000000a19abf48,0x00000000a5a00000)
 Metaspace       used 38230K, capacity 38922K, committed 39080K, reserved 1083392K
  class space    used 5059K, capacity 5254K, committed 5296K, reserved 1048576K
Event: 682.307 GC heap after
Heap after GC invocations=15 (full 3):
 PSYoungGen      total 233472K, used 5475K [0x00000000e0100000, 0x00000000efd00000, 0x0000000100000000)
  eden space 225280K, 0% used [0x00000000e0100000,0x00000000e0100000,0x00000000edd00000)
  from space 8192K, 66% used [0x00000000ef500000,0x00000000efa58dc8,0x00000000efd00000)
  to   space 16384K, 0% used [0x00000000edd00000,0x00000000edd00000,0x00000000eed00000)
 ParOldGen       total 90112K, used 24247K [0x00000000a0200000, 0x00000000a5a00000, 0x00000000e0100000)
  object space 90112K, 26% used [0x00000000a0200000,0x00000000a19adf48,0x00000000a5a00000)
 Metaspace       used 38230K, capacity 38922K, committed 39080K, reserved 1083392K
  class space    used 5059K, capacity 5254K, committed 5296K, reserved 1048576K
}
Event: 892.364 GC heap before
{Heap before GC invocations=16 (full 3):
 PSYoungGen      total 233472K, used 27514K [0x00000000e0100000, 0x00000000efd00000, 0x0000000100000000)
  eden space 225280K, 9% used [0x00000000e0100000,0x00000000e1685d38,0x00000000edd00000)
  from space 8192K, 66% used [0x00000000ef500000,0x00000000efa58dc8,0x00000000efd00000)
  to   space 16384K, 0% used [0x00000000edd00000,0x00000000edd00000,0x00000000eed00000)
 ParOldGen       total 90112K, used 24247K [0x00000000a0200000, 0x00000000a5a00000, 0x00000000e0100000)
  object space 90112K, 26% used [0x00000000a0200000,0x00000000a19adf48,0x00000000a5a00000)
 Metaspace       used 38233K, capacity 38928K, committed 39080K, reserved 1083392K
  class space    used 5060K, capacity 5256K, committed 5296K, reserved 1048576K
Event: 892.374 GC heap after
Heap after GC invocations=16 (full 3):
 PSYoungGen      total 241664K, used 2656K [0x00000000e0100000, 0x00000000efd00000, 0x0000000100000000)
  eden space 225280K, 0% used [0x00000000e0100000,0x00000000e0100000,0x00000000edd00000)
  from space 16384K, 16% used [0x00000000edd00000,0x00000000edf980a0,0x00000000eed00000)
  to   space 16384K, 0% used [0x00000000eed00000,0x00000000eed00000,0x00000000efd00000)
 ParOldGen       total 90112K, used 24255K [0x00000000a0200000, 0x00000000a5a00000, 0x00000000e0100000)
  object space 90112K, 26% used [0x00000000a0200000,0x00000000a19aff48,0x00000000a5a00000)
 Metaspace       used 38233K, capacity 38928K, committed 39080K, reserved 1083392K
  class space    used 5060K, capacity 5256K, committed 5296K, reserved 1048576K
}
Event: 892.374 GC heap before
{Heap before GC invocations=17 (full 4):
 PSYoungGen      total 241664K, used 2656K [0x00000000e0100000, 0x00000000efd00000, 0x0000000100000000)
  eden space 225280K, 0% used [0x00000000e0100000,0x00000000e0100000,0x00000000edd00000)
  from space 16384K, 16% used [0x00000000edd00000,0x00000000edf980a0,0x00000000eed00000)
  to   space 16384K, 0% used [0x00000000eed00000,0x00000000eed00000,0x00000000efd00000)
 ParOldGen       total 90112K, used 24255K [0x00000000a0200000, 0x00000000a5a00000, 0x00000000e0100000)
  object space 90112K, 26% used [0x00000000a0200000,0x00000000a19aff48,0x00000000a5a00000)
 Metaspace       used 38233K, capacity 38928K, committed 39080K, reserved 1083392K
  class space    used 5060K, capacity 5256K, committed 5296K, reserved 1048576K
Event: 892.842 GC heap after
Heap after GC invocations=17 (full 4):
 PSYoungGen      total 241664K, used 0K [0x00000000e0100000, 0x00000000efd00000, 0x0000000100000000)
  eden space 225280K, 0% used [0x00000000e0100000,0x00000000e0100000,0x00000000edd00000)
  from space 16384K, 0% used [0x00000000edd00000,0x00000000edd00000,0x00000000eed00000)
  to   space 16384K, 0% used [0x00000000eed00000,0x00000000eed00000,0x00000000efd00000)
 ParOldGen       total 90112K, used 22274K [0x00000000a0200000, 0x00000000a5a00000, 0x00000000e0100000)
  object space 90112K, 24% used [0x00000000a0200000,0x00000000a17c0ab8,0x00000000a5a00000)
 Metaspace       used 38230K, capacity 38922K, committed 39080K, reserved 1083392K
  class space    used 5059K, capacity 5254K, committed 5296K, reserved 1048576K
}

