# JRE version: Java(TM) SE Runtime Environment (8.0_171-b11) (build 1.8.0_171-b11)
# Java VM: Java HotSpot(TM) 64-Bit Server VM (25.171-b11 mixed mode windows-amd64 compressed oops)
Heap:
 PSYoungGen      total 273920K, used 188320K [0x00000000e0100000, 0x00000000f1a80000, 0x0000000100000000)
  eden space 260608K, 72% used [0x00000000e0100000,0x00000000eb8e82b8,0x00000000eff80000)
  from space 13312K, 0% used [0x00000000f0d80000,0x00000000f0d80000,0x00000000f1a80000)
  to   space 13824K, 0% used [0x00000000eff80000,0x00000000eff80000,0x00000000f0d00000)
 ParOldGen       total 85504K, used 24039K [0x00000000a0200000, 0x00000000a5580000, 0x00000000e0100000)
  object space 85504K, 28% used [0x00000000a0200000,0x00000000a1979cd8,0x00000000a5580000)
 Metaspace       used 38891K, capacity 40088K, committed 40232K, reserved 1083392K
  class space    used 5129K, capacity 5400K, committed 5424K, reserved 1048576K
GC Heap History (10 events):
Event: 771.231 GC heap before
{Heap before GC invocations=20 (full 6):
 PSYoungGen      total 275456K, used 4093K [0x00000000e0100000, 0x00000000f1c80000, 0x0000000100000000)
  eden space 260608K, 0% used [0x00000000e0100000,0x00000000e0100000,0x00000000eff80000)
  from space 14848K, 27% used [0x00000000f0e00000,0x00000000f11ff798,0x00000000f1c80000)
  to   space 14848K, 0% used [0x00000000eff80000,0x00000000eff80000,0x00000000f0e00000)
 ParOldGen       total 85504K, used 23754K [0x00000000a0200000, 0x00000000a5580000, 0x00000000e0100000)
  object space 85504K, 27% used [0x00000000a0200000,0x00000000a1932938,0x00000000a5580000)
 Metaspace       used 38450K, capacity 39300K, committed 39336K, reserved 1083392K
  class space    used 5076K, capacity 5295K, committed 5296K, reserved 1048576K
Event: 771.578 GC heap after
Heap after GC invocations=20 (full 6):
 PSYoungGen      total 275456K, used 0K [0x00000000e0100000, 0x00000000f1c80000, 0x0000000100000000)
  eden space 260608K, 0% used [0x00000000e0100000,0x00000000e0100000,0x00000000eff80000)
  from space 14848K, 0% used [0x00000000f0e00000,0x00000000f0e00000,0x00000000f1c80000)
  to   space 14848K, 0% used [0x00000000eff80000,0x00000000eff80000,0x00000000f0e00000)
 ParOldGen       total 85504K, used 23866K [0x00000000a0200000, 0x00000000a5580000, 0x00000000e0100000)
  object space 85504K, 27% used [0x00000000a0200000,0x00000000a194e900,0x00000000a5580000)
 Metaspace       used 38445K, capacity 39288K, committed 39336K, reserved 1083392K
  class space    used 5075K, capacity 5291K, committed 5296K, reserved 1048576K
}
Event: 934.552 GC heap before
{Heap before GC invocations=21 (full 6):
 PSYoungGen      total 275456K, used 173765K [0x00000000e0100000, 0x00000000f1c80000, 0x0000000100000000)
  eden space 260608K, 66% used [0x00000000e0100000,0x00000000eaab1630,0x00000000eff80000)
  from space 14848K, 0% used [0x00000000f0e00000,0x00000000f0e00000,0x00000000f1c80000)
  to   space 14848K, 0% used [0x00000000eff80000,0x00000000eff80000,0x00000000f0e00000)
 ParOldGen       total 85504K, used 23866K [0x00000000a0200000, 0x00000000a5580000, 0x00000000e0100000)
  object space 85504K, 27% used [0x00000000a0200000,0x00000000a194e900,0x00000000a5580000)
 Metaspace       used 38554K, capacity 39458K, committed 39720K, reserved 1083392K
  class space    used 5084K, capacity 5303K, committed 5424K, reserved 1048576K
Event: 934.565 GC heap after
Heap after GC invocations=21 (full 6):
 PSYoungGen      total 264704K, used 4035K [0x00000000e0100000, 0x00000000f1b80000, 0x0000000100000000)
  eden space 260608K, 0% used [0x00000000e0100000,0x00000000e0100000,0x00000000eff80000)
  from space 4096K, 98% used [0x00000000eff80000,0x00000000f0370d38,0x00000000f0380000)
  to   space 14336K, 0% used [0x00000000f0d80000,0x00000000f0d80000,0x00000000f1b80000)
 ParOldGen       total 85504K, used 23874K [0x00000000a0200000, 0x00000000a5580000, 0x00000000e0100000)
  object space 85504K, 27% used [0x00000000a0200000,0x00000000a1950900,0x00000000a5580000)
 Metaspace       used 38554K, capacity 39458K, committed 39720K, reserved 1083392K
  class space    used 5084K, capacity 5303K, committed 5424K, reserved 1048576K
}
Event: 934.565 GC heap before
{Heap before GC invocations=22 (full 7):
 PSYoungGen      total 264704K, used 4035K [0x00000000e0100000, 0x00000000f1b80000, 0x0000000100000000)
  eden space 260608K, 0% used [0x00000000e0100000,0x00000000e0100000,0x00000000eff80000)
  from space 4096K, 98% used [0x00000000eff80000,0x00000000f0370d38,0x00000000f0380000)
  to   space 14336K, 0% used [0x00000000f0d80000,0x00000000f0d80000,0x00000000f1b80000)
 ParOldGen       total 85504K, used 23874K [0x00000000a0200000, 0x00000000a5580000, 0x00000000e0100000)
  object space 85504K, 27% used [0x00000000a0200000,0x00000000a1950900,0x00000000a5580000)
 Metaspace       used 38554K, capacity 39458K, committed 39720K, reserved 1083392K
  class space    used 5084K, capacity 5303K, committed 5424K, reserved 1048576K
Event: 934.811 GC heap after
Heap after GC invocations=22 (full 7):
 PSYoungGen      total 264704K, used 0K [0x00000000e0100000, 0x00000000f1b80000, 0x0000000100000000)
  eden space 260608K, 0% used [0x00000000e0100000,0x00000000e0100000,0x00000000eff80000)
  from space 4096K, 0% used [0x00000000eff80000,0x00000000eff80000,0x00000000f0380000)
  to   space 14336K, 0% used [0x00000000f0d80000,0x00000000f0d80000,0x00000000f1b80000)
 ParOldGen       total 85504K, used 23927K [0x00000000a0200000, 0x00000000a5580000, 0x00000000e0100000)
  object space 85504K, 27% used [0x00000000a0200000,0x00000000a195dd08,0x00000000a5580000)
 Metaspace       used 38554K, capacity 39458K, committed 39720K, reserved 1083392K
  class space    used 5084K, capacity 5303K, committed 5424K, reserved 1048576K
}
Event: 1119.846 GC heap before
{Heap before GC invocations=23 (full 7):
 PSYoungGen      total 264704K, used 174444K [0x00000000e0100000, 0x00000000f1b80000, 0x0000000100000000)
  eden space 260608K, 66% used [0x00000000e0100000,0x00000000eab5b190,0x00000000eff80000)
  from space 4096K, 0% used [0x00000000eff80000,0x00000000eff80000,0x00000000f0380000)
  to   space 14336K, 0% used [0x00000000f0d80000,0x00000000f0d80000,0x00000000f1b80000)
 ParOldGen       total 85504K, used 23927K [0x00000000a0200000, 0x00000000a5580000, 0x00000000e0100000)
  object space 85504K, 27% used [0x00000000a0200000,0x00000000a195dd08,0x00000000a5580000)
 Metaspace       used 38745K, capacity 39838K, committed 39976K, reserved 1083392K
  class space    used 5113K, capacity 5350K, committed 5424K, reserved 1048576K
Event: 1119.861 GC heap after
Heap after GC invocations=23 (full 7):
 PSYoungGen      total 273920K, used 4097K [0x00000000e0100000, 0x00000000f1a80000, 0x0000000100000000)
  eden space 260608K, 0% used [0x00000000e0100000,0x00000000e0100000,0x00000000eff80000)
  from space 13312K, 30% used [0x00000000f0d80000,0x00000000f11806d8,0x00000000f1a80000)
  to   space 13824K, 0% used [0x00000000eff80000,0x00000000eff80000,0x00000000f0d00000)
 ParOldGen       total 85504K, used 23935K [0x00000000a0200000, 0x00000000a5580000, 0x00000000e0100000)
  object space 85504K, 27% used [0x00000000a0200000,0x00000000a195fd08,0x00000000a5580000)
 Metaspace       used 38745K, capacity 39838K, committed 39976K, reserved 1083392K
  class space    used 5113K, capacity 5350K, committed 5424K, reserved 1048576K
}
Event: 1119.861 GC heap before
{Heap before GC invocations=24 (full 8):
 PSYoungGen      total 273920K, used 4097K [0x00000000e0100000, 0x00000000f1a80000, 0x0000000100000000)
  eden space 260608K, 0% used [0x00000000e0100000,0x00000000e0100000,0x00000000eff80000)
  from space 13312K, 30% used [0x00000000f0d80000,0x00000000f11806d8,0x00000000f1a80000)
  to   space 13824K, 0% used [0x00000000eff80000,0x00000000eff80000,0x00000000f0d00000)
 ParOldGen       total 85504K, used 23935K [0x00000000a0200000, 0x00000000a5580000, 0x00000000e0100000)
  object space 85504K, 27% used [0x00000000a0200000,0x00000000a195fd08,0x00000000a5580000)
 Metaspace       used 38745K, capacity 39838K, committed 39976K, reserved 1083392K
  class space    used 5113K, capacity 5350K, committed 5424K, reserved 1048576K
Event: 1120.290 GC heap after
Heap after GC invocations=24 (full 8):
 PSYoungGen      total 273920K, used 0K [0x00000000e0100000, 0x00000000f1a80000, 0x0000000100000000)
  eden space 260608K, 0% used [0x00000000e0100000,0x00000000e0100000,0x00000000eff80000)
  from space 13312K, 0% used [0x00000000f0d80000,0x00000000f0d80000,0x00000000f1a80000)
  to   space 13824K, 0% used [0x00000000eff80000,0x00000000eff80000,0x00000000f0d00000)
 ParOldGen       total 85504K, used 24039K [0x00000000a0200000, 0x00000000a5580000, 0x00000000e0100000)
  object space 85504K, 28% used [0x00000000a0200000,0x00000000a1979cd8,0x00000000a5580000)
 Metaspace       used 38743K, capacity 39832K, committed 39976K, reserved 1083392K
  class space    used 5112K, capacity 5348K, committed 5424K, reserved 1048576K
}

